<?xml version="1.0" encoding="UTF-8"?>
<!-- Generated by org.testng.reporters.JUnitXMLReporter -->
<testsuite ignored="0" hostname="LAPTOP-RSQ8U3E7" failures="0" tests="4" name="ChromeTest" time="39.307" errors="0" timestamp="2023-11-01T20:43:19 IST">
  <testcase classname="MyProjectEdubridge.LaunchEdubridge" name="launch" time="5.289"/>
  <testcase classname="MyProjectEdubridge.CoursePicker" name="coursepick" time="10.314"/>
  <testcase classname="MyProjectEdubridge.LoginEdubridge" name="testParameterWithXML" time="8.459"/>
  <testcase classname="MyProjectEdubridge.CrossBrowserScript" name="launchBrowser" time="9.478"/>
</testsuite> <!-- ChromeTest -->
