<?xml version="1.0" encoding="UTF-8"?>
<!-- Generated by org.testng.reporters.JUnitXMLReporter -->
<testsuite ignored="0" hostname="LAPTOP-RSQ8U3E7" failures="0" tests="3" name="Test" time="22.863" errors="0" timestamp="2023-11-01T20:47:33 IST">
  <testcase classname="MyProjectEdubridge.LaunchEdubridge" name="launch" time="5.305"/>
  <testcase classname="MyProjectEdubridge.CoursePicker" name="coursepick" time="10.237"/>
  <testcase classname="MyProjectEdubridge.LoginEdubridge" name="testParameterWithXML" time="7.25"/>
</testsuite> <!-- Test -->
