<?xml version="1.0" encoding="UTF-8"?>
<testng-results ignored="0" total="1" passed="1" failed="0" skipped="0">
  <reporter-output>
  </reporter-output>
  <suite started-at="2023-11-01T20:51:18 IST" name="Default suite" finished-at="2023-11-01T20:51:22 IST" duration-ms="4356">
    <groups>
    </groups>
    <test started-at="2023-11-01T20:51:18 IST" name="Default test" finished-at="2023-11-01T20:51:22 IST" duration-ms="4356">
      <class name="MyProjectEdubridge.LaunchEdubridge">
        <test-method signature="launch()[pri:0, instance:MyProjectEdubridge.LaunchEdubridge@49798e84]" started-at="2023-11-01T20:51:18 IST" name="launch" finished-at="2023-11-01T20:51:22 IST" duration-ms="4297" status="PASS">
          <reporter-output>
          </reporter-output>
        </test-method> <!-- launch -->
      </class> <!-- MyProjectEdubridge.LaunchEdubridge -->
    </test> <!-- Default test -->
  </suite> <!-- Default suite -->
</testng-results>
